# JRE version: Java(TM) SE Runtime Environment (8.0_25-b17) (build 1.8.0_25-b17)
# Java VM: Java HotSpot(TM) 64-Bit Server VM (25.25-b02 mixed mode bsd-amd64 compressed oops)
Heap:
 PSYoungGen      total 308224K, used 43442K [0x00000007aab00000, 0x00000007c0000000, 0x00000007c0000000)
  eden space 269312K, 7% used [0x00000007aab00000,0x00000007abd89be8,0x00000007bb200000)
  from space 38912K, 62% used [0x00000007bda00000,0x00000007bf1e2cb0,0x00000007c0000000)
  to   space 39936K, 0% used [0x00000007bb200000,0x00000007bb200000,0x00000007bd900000)
 ParOldGen       total 173568K, used 112482K [0x0000000780000000, 0x000000078a980000, 0x00000007aab00000)
  object space 173568K, 64% used [0x0000000780000000,0x0000000786dd8860,0x000000078a980000)
 Metaspace       used 85405K, capacity 89978K, committed 90112K, reserved 1126400K
  class space    used 11835K, capacity 13505K, committed 13568K, reserved 1048576K
GC Heap History (10 events):
Event: 339.476 GC heap before
{Heap before GC invocations=20 (full 4):
 PSYoungGen      total 320000K, used 74881K [0x00000007aab00000, 0x00000007c0000000, 0x00000007c0000000)
  eden space 290816K, 22% used [0x00000007aab00000,0x00000007aeab72f0,0x00000007bc700000)
  from space 29184K, 33% used [0x00000007bc700000,0x00000007bd069368,0x00000007be380000)
  to   space 29184K, 0% used [0x00000007be380000,0x00000007be380000,0x00000007c0000000)
 ParOldGen       total 173568K, used 88475K [0x0000000780000000, 0x000000078a980000, 0x00000007aab00000)
  object space 173568K, 50% used [0x0000000780000000,0x0000000785666f28,0x000000078a980000)
 Metaspace       used 69967K, capacity 73056K, committed 73344K, reserved 1112064K
  class space    used 9621K, capacity 10762K, committed 10880K, reserved 1048576K
Event: 339.516 GC heap after
Heap after GC invocations=20 (full 4):
 PSYoungGen      total 301568K, used 5862K [0x00000007aab00000, 0x00000007c0000000, 0x00000007c0000000)
  eden space 272384K, 0% used [0x00000007aab00000,0x00000007aab00000,0x00000007bb500000)
  from space 29184K, 20% used [0x00000007be380000,0x00000007be939900,0x00000007c0000000)
  to   space 38400K, 0% used [0x00000007bb500000,0x00000007bb500000,0x00000007bda80000)
 ParOldGen       total 173568K, used 97979K [0x0000000780000000, 0x000000078a980000, 0x00000007aab00000)
  object space 173568K, 56% used [0x0000000780000000,0x0000000785faeda8,0x000000078a980000)
 Metaspace       used 69967K, capacity 73056K, committed 73344K, reserved 1112064K
  class space    used 9621K, capacity 10762K, committed 10880K, reserved 1048576K
}
Event: 339.516 GC heap before
{Heap before GC invocations=21 (full 5):
 PSYoungGen      total 301568K, used 5862K [0x00000007aab00000, 0x00000007c0000000, 0x00000007c0000000)
  eden space 272384K, 0% used [0x00000007aab00000,0x00000007aab00000,0x00000007bb500000)
  from space 29184K, 20% used [0x00000007be380000,0x00000007be939900,0x00000007c0000000)
  to   space 38400K, 0% used [0x00000007bb500000,0x00000007bb500000,0x00000007bda80000)
 ParOldGen       total 173568K, used 97979K [0x0000000780000000, 0x000000078a980000, 0x00000007aab00000)
  object space 173568K, 56% used [0x0000000780000000,0x0000000785faeda8,0x000000078a980000)
 Metaspace       used 69967K, capacity 73056K, committed 73344K, reserved 1112064K
  class space    used 9621K, capacity 10762K, committed 10880K, reserved 1048576K
Event: 339.898 GC heap after
Heap after GC invocations=21 (full 5):
 PSYoungGen      total 301568K, used 0K [0x00000007aab00000, 0x00000007c0000000, 0x00000007c0000000)
  eden space 272384K, 0% used [0x00000007aab00000,0x00000007aab00000,0x00000007bb500000)
  from space 29184K, 0% used [0x00000007be380000,0x00000007be380000,0x00000007c0000000)
  to   space 38400K, 0% used [0x00000007bb500000,0x00000007bb500000,0x00000007bda80000)
 ParOldGen       total 173568K, used 91080K [0x0000000780000000, 0x000000078a980000, 0x00000007aab00000)
  object space 173568K, 52% used [0x0000000780000000,0x00000007858f21c0,0x000000078a980000)
 Metaspace       used 69967K, capacity 73056K, committed 73344K, reserved 1112064K
  class space    used 9621K, capacity 10762K, committed 10880K, reserved 1048576K
}
Event: 503.367 GC heap before
{Heap before GC invocations=22 (full 5):
 PSYoungGen      total 301568K, used 247297K [0x00000007aab00000, 0x00000007c0000000, 0x00000007c0000000)
  eden space 272384K, 90% used [0x00000007aab00000,0x00000007b9c80798,0x00000007bb500000)
  from space 29184K, 0% used [0x00000007be380000,0x00000007be380000,0x00000007c0000000)
  to   space 38400K, 0% used [0x00000007bb500000,0x00000007bb500000,0x00000007bda80000)
 ParOldGen       total 173568K, used 91080K [0x0000000780000000, 0x000000078a980000, 0x00000007aab00000)
  object space 173568K, 52% used [0x0000000780000000,0x00000007858f21c0,0x000000078a980000)
 Metaspace       used 77591K, capacity 81378K, committed 81536K, reserved 1118208K
  class space    used 10712K, capacity 12071K, committed 12160K, reserved 1048576K
Event: 503.394 GC heap after
Heap after GC invocations=22 (full 5):
 PSYoungGen      total 295424K, used 22724K [0x00000007aab00000, 0x00000007c0000000, 0x00000007c0000000)
  eden space 272384K, 0% used [0x00000007aab00000,0x00000007aab00000,0x00000007bb500000)
  from space 23040K, 98% used [0x00000007bb500000,0x00000007bcb31368,0x00000007bcb80000)
  to   space 38912K, 0% used [0x00000007bda00000,0x00000007bda00000,0x00000007c0000000)
 ParOldGen       total 173568K, used 91088K [0x0000000780000000, 0x000000078a980000, 0x00000007aab00000)
  object space 173568K, 52% used [0x0000000780000000,0x00000007858f41c0,0x000000078a980000)
 Metaspace       used 77591K, capacity 81378K, committed 81536K, reserved 1118208K
  class space    used 10712K, capacity 12071K, committed 12160K, reserved 1048576K
}
Event: 503.394 GC heap before
{Heap before GC invocations=23 (full 6):
 PSYoungGen      total 295424K, used 22724K [0x00000007aab00000, 0x00000007c0000000, 0x00000007c0000000)
  eden space 272384K, 0% used [0x00000007aab00000,0x00000007aab00000,0x00000007bb500000)
  from space 23040K, 98% used [0x00000007bb500000,0x00000007bcb31368,0x00000007bcb80000)
  to   space 38912K, 0% used [0x00000007bda00000,0x00000007bda00000,0x00000007c0000000)
 ParOldGen       total 173568K, used 91088K [0x0000000780000000, 0x000000078a980000, 0x00000007aab00000)
  object space 173568K, 52% used [0x0000000780000000,0x00000007858f41c0,0x000000078a980000)
 Metaspace       used 77591K, capacity 81378K, committed 81536K, reserved 1118208K
  class space    used 10712K, capacity 12071K, committed 12160K, reserved 1048576K
Event: 504.039 GC heap after
Heap after GC invocations=23 (full 6):
 PSYoungGen      total 295424K, used 0K [0x00000007aab00000, 0x00000007c0000000, 0x00000007c0000000)
  eden space 272384K, 0% used [0x00000007aab00000,0x00000007aab00000,0x00000007bb500000)
  from space 23040K, 0% used [0x00000007bb500000,0x00000007bb500000,0x00000007bcb80000)
  to   space 38912K, 0% used [0x00000007bda00000,0x00000007bda00000,0x00000007c0000000)
 ParOldGen       total 173568K, used 112474K [0x0000000780000000, 0x000000078a980000, 0x00000007aab00000)
  object space 173568K, 64% used [0x0000000780000000,0x0000000786dd6860,0x000000078a980000)
 Metaspace       used 77591K, capacity 81378K, committed 81536K, reserved 1118208K
  class space    used 10712K, capacity 12071K, committed 12160K, reserved 1048576K
}
Event: 677.713 GC heap before
{Heap before GC invocations=24 (full 6):
 PSYoungGen      total 295424K, used 272384K [0x00000007aab00000, 0x00000007c0000000, 0x00000007c0000000)
  eden space 272384K, 100% used [0x00000007aab00000,0x00000007bb500000,0x00000007bb500000)
  from space 23040K, 0% used [0x00000007bb500000,0x00000007bb500000,0x00000007bcb80000)
  to   space 38912K, 0% used [0x00000007bda00000,0x00000007bda00000,0x00000007c0000000)
 ParOldGen       total 173568K, used 112474K [0x0000000780000000, 0x000000078a980000, 0x00000007aab00000)
  object space 173568K, 64% used [0x0000000780000000,0x0000000786dd6860,0x000000078a980000)
 Metaspace       used 85401K, capacity 89978K, committed 90112K, reserved 1126400K
  class space    used 11835K, capacity 13505K, committed 13568K, reserved 1048576K
Event: 677.739 GC heap after
Heap after GC invocations=24 (full 6):
 PSYoungGen      total 308224K, used 24459K [0x00000007aab00000, 0x00000007c0000000, 0x00000007c0000000)
  eden space 269312K, 0% used [0x00000007aab00000,0x00000007aab00000,0x00000007bb200000)
  from space 38912K, 62% used [0x00000007bda00000,0x00000007bf1e2cb0,0x00000007c0000000)
  to   space 39936K, 0% used [0x00000007bb200000,0x00000007bb200000,0x00000007bd900000)
 ParOldGen       total 173568K, used 112482K [0x0000000780000000, 0x000000078a980000, 0x00000007aab00000)
  object space 173568K, 64% used [0x0000000780000000,0x0000000786dd8860,0x000000078a980000)
 Metaspace       used 85401K, capacity 89978K, committed 90112K, reserved 1126400K
  class space    used 11835K, capacity 13505K, committed 13568K, reserved 1048576K
}

