# JRE version: Java(TM) SE Runtime Environment (8.0_25-b17) (build 1.8.0_25-b17)
# Java VM: Java HotSpot(TM) 64-Bit Server VM (25.25-b02 mixed mode bsd-amd64 compressed oops)
Heap:
 PSYoungGen      total 292864K, used 97514K [0x0000000146900000, 0x000000015be00000, 0x000000015be00000)
  eden space 243712K, 40% used [0x0000000146900000,0x000000014c83ab10,0x0000000155700000)
  from space 49152K, 0% used [0x0000000158e00000,0x0000000158e00000,0x000000015be00000)
  to   space 52736K, 0% used [0x0000000155700000,0x0000000155700000,0x0000000158a80000)
 ParOldGen       total 244224K, used 213220K [0x000000011be00000, 0x000000012ac80000, 0x0000000146900000)
  object space 244224K, 87% used [0x000000011be00000,0x0000000128e39188,0x000000012ac80000)
 Metaspace       used 271555K, capacity 283000K, committed 284672K, reserved 1292288K
  class space    used 37183K, capacity 41353K, committed 42240K, reserved 1048576K
GC Heap History (10 events):
Event: 21164.049 GC heap before
{Heap before GC invocations=125 (full 34):
 PSYoungGen      total 299008K, used 22951K [0x0000000146900000, 0x000000015be00000, 0x000000015be00000)
  eden space 250880K, 0% used [0x0000000146900000,0x0000000146900000,0x0000000155e00000)
  from space 48128K, 47% used [0x0000000155e00000,0x0000000157469e60,0x0000000158d00000)
  to   space 47104K, 0% used [0x0000000159000000,0x0000000159000000,0x000000015be00000)
 ParOldGen       total 244224K, used 187101K [0x000000011be00000, 0x000000012ac80000, 0x0000000146900000)
  object space 244224K, 76% used [0x000000011be00000,0x00000001274b7610,0x000000012ac80000)
 Metaspace       used 251170K, capacity 261436K, committed 263808K, reserved 1273856K
  class space    used 34343K, capacity 38091K, committed 39040K, reserved 1048576K
Event: 21164.906 GC heap after
Heap after GC invocations=125 (full 34):
 PSYoungGen      total 299008K, used 0K [0x0000000146900000, 0x000000015be00000, 0x000000015be00000)
  eden space 250880K, 0% used [0x0000000146900000,0x0000000146900000,0x0000000155e00000)
  from space 48128K, 0% used [0x0000000155e00000,0x0000000155e00000,0x0000000158d00000)
  to   space 47104K, 0% used [0x0000000159000000,0x0000000159000000,0x000000015be00000)
 ParOldGen       total 244224K, used 207802K [0x000000011be00000, 0x000000012ac80000, 0x0000000146900000)
  object space 244224K, 85% used [0x000000011be00000,0x00000001288eeb58,0x000000012ac80000)
 Metaspace       used 251170K, capacity 261436K, committed 263808K, reserved 1273856K
  class space    used 34343K, capacity 38091K, committed 39040K, reserved 1048576K
}
Event: 21739.400 GC heap before
{Heap before GC invocations=126 (full 34):
 PSYoungGen      total 299008K, used 250880K [0x0000000146900000, 0x000000015be00000, 0x000000015be00000)
  eden space 250880K, 100% used [0x0000000146900000,0x0000000155e00000,0x0000000155e00000)
  from space 48128K, 0% used [0x0000000155e00000,0x0000000155e00000,0x0000000158d00000)
  to   space 47104K, 0% used [0x0000000159000000,0x0000000159000000,0x000000015be00000)
 ParOldGen       total 244224K, used 207802K [0x000000011be00000, 0x000000012ac80000, 0x0000000146900000)
  object space 244224K, 85% used [0x000000011be00000,0x00000001288eeb58,0x000000012ac80000)
 Metaspace       used 258693K, capacity 269650K, committed 271488K, reserved 1280000K
  class space    used 35454K, capacity 39436K, committed 40320K, reserved 1048576K
Event: 21739.476 GC heap after
Heap after GC invocations=126 (full 34):
 PSYoungGen      total 297984K, used 22857K [0x0000000146900000, 0x000000015bb00000, 0x000000015be00000)
  eden space 253952K, 0% used [0x0000000146900000,0x0000000146900000,0x0000000156100000)
  from space 44032K, 51% used [0x0000000159000000,0x000000015a6527b0,0x000000015bb00000)
  to   space 46080K, 0% used [0x0000000156100000,0x0000000156100000,0x0000000158e00000)
 ParOldGen       total 244224K, used 207810K [0x000000011be00000, 0x000000012ac80000, 0x0000000146900000)
  object space 244224K, 85% used [0x000000011be00000,0x00000001288f0b58,0x000000012ac80000)
 Metaspace       used 258693K, capacity 269650K, committed 271488K, reserved 1280000K
  class space    used 35454K, capacity 39436K, committed 40320K, reserved 1048576K
}
Event: 21743.253 GC heap before
{Heap before GC invocations=127 (full 34):
 PSYoungGen      total 297984K, used 276809K [0x0000000146900000, 0x000000015bb00000, 0x000000015be00000)
  eden space 253952K, 100% used [0x0000000146900000,0x0000000156100000,0x0000000156100000)
  from space 44032K, 51% used [0x0000000159000000,0x000000015a6527b0,0x000000015bb00000)
  to   space 46080K, 0% used [0x0000000156100000,0x0000000156100000,0x0000000158e00000)
 ParOldGen       total 244224K, used 207810K [0x000000011be00000, 0x000000012ac80000, 0x0000000146900000)
  object space 244224K, 85% used [0x000000011be00000,0x00000001288f0b58,0x000000012ac80000)
 Metaspace       used 266101K, capacity 277612K, committed 279040K, reserved 1286144K
  class space    used 36539K, capacity 40736K, committed 41472K, reserved 1048576K
Event: 21743.416 GC heap after
Heap after GC invocations=127 (full 34):
 PSYoungGen      total 300032K, used 46074K [0x0000000146900000, 0x000000015be00000, 0x000000015be00000)
  eden space 253952K, 0% used [0x0000000146900000,0x0000000146900000,0x0000000156100000)
  from space 46080K, 99% used [0x0000000156100000,0x0000000158dfeb20,0x0000000158e00000)
  to   space 49152K, 0% used [0x0000000158e00000,0x0000000158e00000,0x000000015be00000)
 ParOldGen       total 244224K, used 213312K [0x000000011be00000, 0x000000012ac80000, 0x0000000146900000)
  object space 244224K, 87% used [0x000000011be00000,0x0000000128e50160,0x000000012ac80000)
 Metaspace       used 266101K, capacity 277612K, committed 279040K, reserved 1286144K
  class space    used 36539K, capacity 40736K, committed 41472K, reserved 1048576K
}
Event: 21747.320 GC heap before
{Heap before GC invocations=128 (full 34):
 PSYoungGen      total 300032K, used 88802K [0x0000000146900000, 0x000000015be00000, 0x000000015be00000)
  eden space 253952K, 16% used [0x0000000146900000,0x00000001492b9e40,0x0000000156100000)
  from space 46080K, 99% used [0x0000000156100000,0x0000000158dfeb20,0x0000000158e00000)
  to   space 49152K, 0% used [0x0000000158e00000,0x0000000158e00000,0x000000015be00000)
 ParOldGen       total 244224K, used 213312K [0x000000011be00000, 0x000000012ac80000, 0x0000000146900000)
  object space 244224K, 87% used [0x000000011be00000,0x0000000128e50160,0x000000012ac80000)
 Metaspace       used 266966K, capacity 278490K, committed 279936K, reserved 1288192K
  class space    used 36681K, capacity 40881K, committed 41600K, reserved 1048576K
Event: 21747.380 GC heap after
Heap after GC invocations=128 (full 34):
 PSYoungGen      total 292864K, used 35338K [0x0000000146900000, 0x000000015be00000, 0x000000015be00000)
  eden space 243712K, 0% used [0x0000000146900000,0x0000000146900000,0x0000000155700000)
  from space 49152K, 71% used [0x0000000158e00000,0x000000015b082ac0,0x000000015be00000)
  to   space 52736K, 0% used [0x0000000155700000,0x0000000155700000,0x0000000158a80000)
 ParOldGen       total 244224K, used 213320K [0x000000011be00000, 0x000000012ac80000, 0x0000000146900000)
  object space 244224K, 87% used [0x000000011be00000,0x0000000128e52160,0x000000012ac80000)
 Metaspace       used 266966K, capacity 278490K, committed 279936K, reserved 1288192K
  class space    used 36681K, capacity 40881K, committed 41600K, reserved 1048576K
}
Event: 21747.380 GC heap before
{Heap before GC invocations=129 (full 35):
 PSYoungGen      total 292864K, used 35338K [0x0000000146900000, 0x000000015be00000, 0x000000015be00000)
  eden space 243712K, 0% used [0x0000000146900000,0x0000000146900000,0x0000000155700000)
  from space 49152K, 71% used [0x0000000158e00000,0x000000015b082ac0,0x000000015be00000)
  to   space 52736K, 0% used [0x0000000155700000,0x0000000155700000,0x0000000158a80000)
 ParOldGen       total 244224K, used 213320K [0x000000011be00000, 0x000000012ac80000, 0x0000000146900000)
  object space 244224K, 87% used [0x000000011be00000,0x0000000128e52160,0x000000012ac80000)
 Metaspace       used 266966K, capacity 278490K, committed 279936K, reserved 1288192K
  class space    used 36681K, capacity 40881K, committed 41600K, reserved 1048576K
Event: 21748.894 GC heap after
Heap after GC invocations=129 (full 35):
 PSYoungGen      total 292864K, used 0K [0x0000000146900000, 0x000000015be00000, 0x000000015be00000)
  eden space 243712K, 0% used [0x0000000146900000,0x0000000146900000,0x0000000155700000)
  from space 49152K, 0% used [0x0000000158e00000,0x0000000158e00000,0x000000015be00000)
  to   space 52736K, 0% used [0x0000000155700000,0x0000000155700000,0x0000000158a80000)
 ParOldGen       total 244224K, used 213220K [0x000000011be00000, 0x000000012ac80000, 0x0000000146900000)
  object space 244224K, 87% used [0x000000011be00000,0x0000000128e39188,0x000000012ac80000)
 Metaspace       used 266420K, capacity 277420K, committed 279936K, reserved 1288192K
  class space    used 36441K, capacity 40431K, committed 41600K, reserved 1048576K
}

